"../../../../../../Users/5923941486/Documents/GitHub/GameDesign2D/Content/2DSideScroller/OptionsBTN.uasset" 0
"../../../../../../Users/5923941486/Documents/GitHub/GameDesign2D/Content/2DSideScroller/Sprites/character_compete_Sprite_0.uasset" 1
"../../../../../../Users/5923941486/Documents/GitHub/GameDesign2D/Content/2DSideScroller/Sprites/character_compete_Sprite_21.uasset" 2
"../../../../../../Users/5923941486/Documents/GitHub/GameDesign2D/Content/2DSideScroller/Animations/PC_Hurt.uasset" 3
"../../../../../../Users/5923941486/Documents/GitHub/GameDesign2D/Content/2DSideScroller/Sprites/character_compete_Sprite_13.uasset" 4
"../../../../../../Users/5923941486/Documents/GitHub/GameDesign2D/Content/2DSideScroller/Animations/PC_JumpUp.uasset" 5
"../../../../../../Users/5923941486/Documents/GitHub/GameDesign2D/Content/2DSideScroller/Sprites/character_compete_Sprite_10.uasset" 6
"../../../../../../Users/5923941486/Documents/GitHub/GameDesign2D/Content/2DSideScroller/Sprites/character_compete_Sprite_11.uasset" 7
"../../../../../../Users/5923941486/Documents/GitHub/GameDesign2D/Content/2DSideScroller/Sprites/character_compete_Sprite_12.uasset" 8
"../../../../../../Users/5923941486/Documents/GitHub/GameDesign2D/Content/2DSideScroller/Sprites/character_compete_Sprite_9.uasset" 9
"../../../../../../Users/5923941486/Documents/GitHub/GameDesign2D/Content/2DSideScroller/Animations/PC_Projectile.uasset" 10
"../../../../../../Users/5923941486/Documents/GitHub/GameDesign2D/Content/2DSideScroller/Sprites/character_compete_Sprite_1.uasset" 11
"../../../../../../Users/5923941486/Documents/GitHub/GameDesign2D/Content/2DSideScroller/Sprites/character_compete_Sprite_2.uasset" 12
"../../../../../../Users/5923941486/Documents/GitHub/GameDesign2D/Content/2DSideScroller/Sprites/character_compete_Sprite_3.uasset" 13
"../../../../../../Users/5923941486/Documents/GitHub/GameDesign2D/Content/2DSideScroller/Sprites/character_compete_Sprite_4.uasset" 14
"../../../../../../Users/5923941486/Documents/GitHub/GameDesign2D/Content/2DSideScroller/Animations/PC_Shoot.uasset" 15
"../../../../../../Users/5923941486/Documents/GitHub/GameDesign2D/Content/2DSideScroller/Textures/28a8b35a-0995-4ba0-ad12-1b548e250bbc.uasset" 16
"../../../../../../Users/5923941486/Documents/GitHub/GameDesign2D/Content/2DSideScroller/Sprites/28a8b35a-0995-4ba0-ad12-1b548e250bbc.uasset" 17
"../../../../../../Users/5923941486/Documents/GitHub/GameDesign2D/Content/2DSideScroller/Sprites/character_compete.uasset" 18
"../../../../../../Users/5923941486/Documents/GitHub/GameDesign2D/Content/2DSideScroller/Sprites/Elijah_s_bomb.uasset" 19
"../../../../../../Users/5923941486/Documents/GitHub/GameDesign2D/Content/2dSideScroller/Textures/2DCharacter_IdleAnimAtlas.uasset" 20
"../../../../../../Users/5923941486/Documents/GitHub/GameDesign2D/Content/2dSideScroller/Sprites/IdleFrames/IdleCycle1.uasset" 21
"../../../../../../Users/5923941486/Documents/GitHub/GameDesign2D/Content/2dSideScroller/Sprites/IdleFrames/IdleCycle2.uasset" 22
"../../../../../../Users/5923941486/Documents/GitHub/GameDesign2D/Content/2dSideScroller/Sprites/IdleFrames/IdleCycle3.uasset" 23
"../../../../../../Users/5923941486/Documents/GitHub/GameDesign2D/Content/2dSideScroller/Sprites/IdleFrames/IdleCycle4.uasset" 24
"../../../../../../Users/5923941486/Documents/GitHub/GameDesign2D/Content/2dSideScroller/Sprites/IdleFrames/IdleCycle5.uasset" 25
"../../../../../../Users/5923941486/Documents/GitHub/GameDesign2D/Content/2dSideScroller/Sprites/IdleFrames/IdleCycle6.uasset" 26
"../../../../../../Users/5923941486/Documents/GitHub/GameDesign2D/Content/2dSideScroller/Sprites/IdleFrames/IdleCycle7.uasset" 27
"../../../../../../Users/5923941486/Documents/GitHub/GameDesign2D/Content/2dSideScroller/Sprites/IdleFrames/IdleCycle8.uasset" 28
"../../../../../../Users/5923941486/Documents/GitHub/GameDesign2D/Content/2DSideScroller/Sprites/IdleAnimation.uasset" 29
"../../../../../../Users/5923941486/Documents/GitHub/GameDesign2D/Content/2dSideScroller/Textures/2DBackgroundTile.uasset" 30
"../../../../../../Users/5923941486/Documents/GitHub/GameDesign2D/Content/2DSideScroller/Materials/PrototypingSpriteMaterial.uasset" 31
"../../../../../../Users/5923941486/Documents/GitHub/GameDesign2D/Content/2DSideScroller/Sprites/PrototypingSprite.uasset" 32
"../../../../../../Users/5923941486/Documents/GitHub/GameDesign2D/Content/2dSideScroller/Textures/2DCharacter_RunAnimAtlas.uasset" 33
"../../../../../../Users/5923941486/Documents/GitHub/GameDesign2D/Content/2dSideScroller/Sprites/RunFrames/RunCycle_1.uasset" 34
"../../../../../../Users/5923941486/Documents/GitHub/GameDesign2D/Content/2dSideScroller/Sprites/RunFrames/RunCycle_10.uasset" 35
"../../../../../../Users/5923941486/Documents/GitHub/GameDesign2D/Content/2dSideScroller/Sprites/RunFrames/RunCycle_11.uasset" 36
"../../../../../../Users/5923941486/Documents/GitHub/GameDesign2D/Content/2dSideScroller/Sprites/RunFrames/RunCycle_12.uasset" 37
"../../../../../../Users/5923941486/Documents/GitHub/GameDesign2D/Content/2dSideScroller/Sprites/RunFrames/RunCycle_13.uasset" 38
"../../../../../../Users/5923941486/Documents/GitHub/GameDesign2D/Content/2dSideScroller/Sprites/RunFrames/RunCycle_14.uasset" 39
"../../../../../../Users/5923941486/Documents/GitHub/GameDesign2D/Content/2dSideScroller/Sprites/RunFrames/RunCycle_15.uasset" 40
"../../../../../../Users/5923941486/Documents/GitHub/GameDesign2D/Content/2dSideScroller/Sprites/RunFrames/RunCycle_16.uasset" 41
"../../../../../../Users/5923941486/Documents/GitHub/GameDesign2D/Content/2dSideScroller/Sprites/RunFrames/RunCycle_2.uasset" 42
"../../../../../../Users/5923941486/Documents/GitHub/GameDesign2D/Content/2dSideScroller/Sprites/RunFrames/RunCycle_3.uasset" 43
"../../../../../../Users/5923941486/Documents/GitHub/GameDesign2D/Content/2dSideScroller/Sprites/RunFrames/RunCycle_4.uasset" 44
"../../../../../../Users/5923941486/Documents/GitHub/GameDesign2D/Content/2dSideScroller/Sprites/RunFrames/RunCycle_5.uasset" 45
"../../../../../../Users/5923941486/Documents/GitHub/GameDesign2D/Content/2dSideScroller/Sprites/RunFrames/RunCycle_6.uasset" 46
"../../../../../../Users/5923941486/Documents/GitHub/GameDesign2D/Content/2dSideScroller/Sprites/RunFrames/RunCycle_7.uasset" 47
"../../../../../../Users/5923941486/Documents/GitHub/GameDesign2D/Content/2dSideScroller/Sprites/RunFrames/RunCycle_8.uasset" 48
"../../../../../../Users/5923941486/Documents/GitHub/GameDesign2D/Content/2dSideScroller/Sprites/RunFrames/RunCycle_9.uasset" 49
"../../../../../../Users/5923941486/Documents/GitHub/GameDesign2D/Content/2DSideScroller/Sprites/RunningAnimation.uasset" 50
"../../../../../../Users/5923941486/Documents/GitHub/GameDesign2D/Content/2DSideScroller/Sprites/AppleIdleFrames/__Lastname_CharacterIdle_Sprite_0.uasset" 51
"../../../../../../Users/5923941486/Documents/GitHub/GameDesign2D/Content/2DSideScroller/Sprites/AppleIdleFrames/__Lastname_CharacterIdle_Sprite_1.uasset" 52
"../../../../../../Users/5923941486/Documents/GitHub/GameDesign2D/Content/2DSideScroller/Sprites/AppleIdleFrames/__Lastname_CharacterIdle_Sprite_3.uasset" 53
"../../../../../../Users/5923941486/Documents/GitHub/GameDesign2D/Content/2DSideScroller/Sprites/AppleIdleFrames/__Lastname_CharacterIdle_Sprite_4.uasset" 54
"../../../../../../Users/5923941486/Documents/GitHub/GameDesign2D/Content/2DSideScroller/Sprites/AppleIdleFrames/__Lastname_CharacterIdle_Sprite_5.uasset" 55
"../../../../../../Users/5923941486/Documents/GitHub/GameDesign2D/Content/2DSideScroller/Sprites/__Lastname_CharacterIdle1.uasset" 56
"../../../../../../Users/5923941486/Documents/GitHub/GameDesign2D/Content/2DSideScroller/Sprites/AppleRunFrames/__Lastname_CharacterRun.uasset" 57
"../../../../../../Users/5923941486/Documents/GitHub/GameDesign2D/Content/2DSideScroller/Sprites/__Lastname_CharacterRun.uasset" 58
"../../../../../../Users/5923941486/Documents/GitHub/GameDesign2D/Content/2DSideScroller/Sprites/AppleRunFrames/__Lastname_CharacterRun_Sprite_0.uasset" 59
"../../../../../../Users/5923941486/Documents/GitHub/GameDesign2D/Content/2DSideScroller/Sprites/__Lastname_CharacterRun_Sprite_0.uasset" 60
"../../../../../../Users/5923941486/Documents/GitHub/GameDesign2D/Content/2DSideScroller/Sprites/AppleRunFrames/__Lastname_CharacterRun_Sprite_1.uasset" 61
"../../../../../../Users/5923941486/Documents/GitHub/GameDesign2D/Content/2DSideScroller/Sprites/__Lastname_CharacterRun_Sprite_1.uasset" 62
"../../../../../../Users/5923941486/Documents/GitHub/GameDesign2D/Content/2DSideScroller/Sprites/AppleRunFrames/__Lastname_CharacterRun_Sprite_2.uasset" 63
"../../../../../../Users/5923941486/Documents/GitHub/GameDesign2D/Content/2DSideScroller/Sprites/__Lastname_CharacterRun_Sprite_2.uasset" 64
"../../../../../../Users/5923941486/Documents/GitHub/GameDesign2D/Content/2DSideScroller/Sprites/__Lastname_CharacterRun1.uasset" 65
"../../../../../../Users/5923941486/Documents/GitHub/GameDesign2D/Content/2DSideScroller/Sprites/AppleIdleFrames/__Lastname_CharacterIdle.uasset" 66
"../../../../../../Users/5923941486/Documents/GitHub/GameDesign2D/Content/2DSideScroller/Textures/28a8b35a-0995-4ba0-ad12-1b548e250bbc_TileSet.uasset" 67
"../../../../../../Users/5923941486/Documents/GitHub/GameDesign2D/Content/2DSideScrollerBP/2DSideScrollerOverview.uasset" 68
"../../../../../../Users/5923941486/Documents/GitHub/GameDesign2D/Content/2DSideScrollerBP/TestClass.uasset" 69
"../../../Engine/Content/Animation/DefaultAnimCurveCompressionSettings.uasset" 70
"../../../Engine/Content/Functions/Engine_MaterialFunctions01/Opacity/CameraDepthFade.uasset" 71
"../../../Engine/Content/EngineMaterials/T_Default_Material_Grid_M.uasset" 72
"../../../Engine/Content/EngineMaterials/T_Default_Material_Grid_N.uasset" 73
"../../../Engine/Content/EngineMaterials/WorldGridMaterial.uasset" 74
"../../../Engine/Content/ArtTools/RenderToTexture/Meshes/S_1_Unit_Plane.uasset" 75
"../../../Engine/Content/EngineMaterials/DefaultMaterial.uasset" 76
"../../../Engine/Content/BasicShapes/Cone.uasset" 77
"../../../Engine/Content/BasicShapes/Cylinder.uasset" 78
"../../../Engine/Content/BasicShapes/Plane.uasset" 79
"../../../Engine/Content/BasicShapes/Sphere.uasset" 80
"../../../Engine/Content/EditorLandscapeResources/DataLayer.uasset" 81
"../../../Engine/Content/EditorMaterials/MAT_Groups_Toggle.uasset" 82
"../../../Engine/Content/EditorMaterials/MAT_Groups_Visibility.uasset" 83
"../../../Engine/Content/EditorMaterials/PreviewShadowIndicator.uasset" 84
"../../../Engine/Content/EditorMaterials/PreviewShadowIndicatorMaterial.uasset" 85
"../../../Engine/Content/EditorMaterials/MatineeGroups/MAT_ColorTrack.uasset" 86
"../../../Engine/Content/EditorMaterials/MatineeGroups/MAT_Groups_Anim.uasset" 87
"../../../Engine/Content/EditorMaterials/MatineeGroups/MAT_Groups_AudioMaster.uasset" 88
"../../../Engine/Content/EditorMaterials/MatineeGroups/MAT_Groups_Director.uasset" 89
"../../../Engine/Content/EditorMaterials/MatineeGroups/MAT_Groups_Event.uasset" 90
"../../../Engine/Content/EditorMaterials/MatineeGroups/MAT_Groups_Fade.uasset" 91
"../../../Engine/Content/EditorMaterials/MatineeGroups/MAT_Groups_Float.uasset" 92
"../../../Engine/Content/EditorMaterials/MatineeGroups/MAT_Groups_Move.uasset" 93
"../../../Engine/Content/EditorMaterials/MatineeGroups/MAT_Groups_Slomo.uasset" 94
"../../../Engine/Content/EditorMaterials/MatineeGroups/MAT_Groups_Sound.uasset" 95
"../../../Engine/Content/EditorMaterials/MatineeGroups/MAT_Groups_Vector.uasset" 96
"../../../Engine/Content/EditorMaterials/ParticleSystems/PSysThumbnail_NoImage.uasset" 97
"../../../Engine/Content/EditorMaterials/ParticleSystems/PSysThumbnail_OOD.uasset" 98
"../../../Engine/Content/EditorMaterials/Camera/CineMat.uasset" 99
"../../../Engine/Content/EditorMaterials/Camera/MI_CineMat_Rig.uasset" 100
"../../../Engine/Content/EditorMeshes/Camera/SM_CraneRig_Arm.uasset" 101
"../../../Engine/Content/EditorMeshes/Camera/SM_CraneRig_Base.uasset" 102
"../../../Engine/Content/EditorMeshes/Camera/SM_CraneRig_Body.uasset" 103
"../../../Engine/Content/EditorMeshes/Camera/SM_CraneRig_Mount.uasset" 104
"../../../Engine/Content/EditorMeshes/Camera/SM_RailRig_Mount.uasset" 105
"../../../Engine/Content/EditorMeshes/Camera/SM_RailRig_Track.uasset" 106
"../../../Engine/Content/EditorResources/BSPVertex.uasset" 107
"../../../Engine/Content/EditorResources/S_Actor.uasset" 108
"../../../Engine/Content/EditorResources/S_Note.uasset" 109
"../../../Engine/Content/EditorResources/S_Solver.uasset" 110
"../../../Engine/Content/EditorResources/S_Trigger.uasset" 111
"../../../Engine/Content/EditorResources/SequenceRecorder/Countdown.uasset" 112
"../../../Engine/Content/EditorResources/SequenceRecorder/RecordingIndicator.uasset" 113
"../../../Engine/Content/EditorSounds/Notifications/CompileFailed.uasset" 114
"../../../Engine/Content/EditorSounds/Notifications/CompileFailed_Cue.uasset" 115
"../../../Engine/Content/EditorSounds/Notifications/CompileSuccess.uasset" 116
"../../../Engine/Content/EditorSounds/Notifications/CompileStart_Cue.uasset" 117
"../../../Engine/Content/EditorSounds/Notifications/CompileSuccess_Cue.uasset" 118
"../../../Engine/Content/EngineDamageTypes/DmgTypeBP_Environmental.uasset" 119
"../../../Engine/Content/EngineDebugMaterials/DebugEditorMaterial.uasset" 120
"../../../Engine/Content/EngineDebugMaterials/DebugMeshMaterial.uasset" 121
"../../../Engine/Content/EngineDebugMaterials/M_SimpleUnlitTranslucent.uasset" 122
"../../../Engine/Content/Functions/Engine_MaterialFunctions02/Utility/CameraDirectionVector.uasset" 123
"../../../Engine/Content/EngineDebugMaterials/VolumeToRender.uasset" 124
"../../../Engine/Content/EngineDebugMaterials/M_VolumeRenderSphereTracePP.uasset" 125
"../../../Engine/Content/EngineDebugMaterials/WireframeMaterial.uasset" 126
"../../../Engine/Content/EngineFonts/Faces/DroidSansFallback.uasset" 127
"../../../Engine/Content/EngineFonts/Faces/RobotoBold.uasset" 128
"../../../Engine/Content/EngineFonts/Faces/RobotoBoldItalic.uasset" 129
"../../../Engine/Content/EngineFonts/Faces/RobotoItalic.uasset" 130
"../../../Engine/Content/EngineFonts/Faces/RobotoLight.uasset" 131
"../../../Engine/Content/EngineFonts/Faces/RobotoRegular.uasset" 132
"../../../Engine/Content/EngineFonts/Roboto.uasset" 133
"../../../Engine/Content/EngineMaterials/BaseFlattenDiffuseMap.uasset" 134
"../../../Engine/Content/EngineMaterials/BaseFlattenEmissiveMap.uasset" 135
"../../../Engine/Content/EngineMaterials/BaseFlattenGrayscaleMap.uasset" 136
"../../../Engine/Content/EngineMaterials/BaseFlattenNormalMap.uasset" 137
"../../../Engine/Content/EngineMaterials/BaseFlattenMaterial.uasset" 138
"../../../Engine/Content/EngineMaterials/BlueNoise.uasset" 139
"../../../Engine/Content/EngineMaterials/DefaultBloomKernel.uasset" 140
"../../../Engine/Content/EngineMaterials/DefaultBokeh.uasset" 141
"../../../Engine/Content/EngineMaterials/DefaultDiffuse.uasset" 142
"../../../Engine/Content/EngineMaterials/DefaultDeferredDecalMaterial.uasset" 143
"../../../Engine/Content/EngineMaterials/DefaultLightFunctionMaterial.uasset" 144
"../../../Engine/Content/EngineMaterials/DefaultPhysicalMaterial.uasset" 145
"../../../Engine/Content/Functions/Engine_MaterialFunctions02/Utility/BreakOutFloat2Components.uasset" 146
"../../../Engine/Content/EngineMaterials/DefaultPostProcessMaterial.uasset" 147
"../../../Engine/Content/EngineFonts/RobotoDistanceField.uasset" 148
"../../../Engine/Content/EngineMaterials/DefaultTextMaterialOpaque.uasset" 149
"../../../Engine/Content/EngineMaterials/DefaultWhiteGrid.uasset" 150
"../../../Engine/Content/EngineMaterials/DefaultWhiteGrid_Low.uasset" 151
"../../../Engine/Content/EngineMaterials/EmissiveMeshMaterial.uasset" 152
"../../../Engine/Content/EngineMaterials/GizmoMaterial.uasset" 153
"../../../Engine/Content/EngineMaterials/Good64x64TilingNoiseHighFreq.uasset" 154
"../../../Engine/Content/EngineMaterials/MiniFont.uasset" 155
"../../../Engine/Content/EngineMaterials/InvalidLightmapSettings.uasset" 156
"../../../Engine/Content/EngineMaterials/M_InvalidLightmapSettings.uasset" 157
"../../../Engine/Content/Functions/Engine_MaterialFunctions02/WorldPositionOffset/CameraOffset.uasset" 158
"../../../Engine/Content/EngineMaterials/PhAT_JointLimitMaterial.uasset" 159
"../../../Engine/Content/EngineMaterials/PreintegratedSkinBRDF.uasset" 160
"../../../Engine/Content/EngineMaterials/RemoveSurfaceMaterial.uasset" 161
"../../../Engine/Content/EngineMaterials/WeightMapPlaceholderTexture.uasset" 162
"../../../Engine/Content/EngineResources/WhiteSquareTexture.uasset" 163
"../../../Engine/Content/EngineMaterials/Widget3DPassThrough.uasset" 164
"../../../Engine/Content/EngineMaterials/Widget3DPassThrough_Masked.uasset" 165
"../../../Engine/Content/EngineMaterials/Widget3DPassThrough_Opaque.uasset" 166
"../../../Engine/Content/EngineMaterials/Widget3DPassThrough_Masked_OneSided.uasset" 167
"../../../Engine/Content/EngineMaterials/Widget3DPassThrough_Opaque_OneSided.uasset" 168
"../../../Engine/Content/EngineMaterials/Widget3DPassThrough_Translucent.uasset" 169
"../../../Engine/Content/EngineMaterials/Widget3DPassThrough_Translucent_OneSided.uasset" 170
"../../../Engine/Content/EngineMeshes/Cylinder.uasset" 171
"../../../Engine/Content/EngineMeshes/Sphere.uasset" 172
"../../../Engine/Content/EngineResources/Black.uasset" 173
"../../../Engine/Content/EngineResources/DefaultTexture.uasset" 174
"../../../Engine/Content/EngineResources/DefaultTextureCube.uasset" 175
"../../../Engine/Content/EngineResources/DefaultVolumeTexture2D.uasset" 176
"../../../Engine/Content/EngineResources/DefaultVolumeTexture.uasset" 177
"../../../Engine/Content/EngineResources/GradientTexture0.uasset" 178
"../../../Engine/Content/EngineSounds/Master.uasset" 179
"../../../Engine/Content/Functions/Engine_MaterialFunctions01/Shading/ConvertFromDiffSpec.uasset" 180
"../../../Engine/Content/Functions/Engine_MaterialFunctions01/Shading/PowerToRoughness.uasset" 181
"../../../Engine/Content/Maps/Templates/Thumbnails/Default.uasset" 182
"../../../Engine/Content/Maps/Templates/Thumbnails/TimeOfDay.uasset" 183
"../../../Engine/Content/Maps/Templates/Thumbnails/VR-Basic.uasset" 184
"../../../Engine/Content/MobileResources/T_MobileControls_texture.uasset" 185
"../../../Engine/Content/MobileResources/T_MobileMenu2.uasset" 186
"../../../Engine/Content/MobileResources/HUD/AnalogHat.uasset" 187
"../../../Engine/Content/MobileResources/HUD/VirtualJoystick_Background.uasset" 188
"../../../Engine/Content/MobileResources/HUD/VirtualJoystick_Thumb.uasset" 189
"../../../Engine/Content/MobileResources/HUD/DefaultVirtualJoysticks.uasset" 190
"../../../Engine/Content/MobileResources/HUD/LeftVirtualJoystickOnly.uasset" 191
"../../../Engine/Content/MobileResources/HUD/MobileHUDButton1_off.uasset" 192
"../../../Engine/Content/MobileResources/HUD/MobileHUDButton1_on.uasset" 193
"../../../Engine/Content/MobileResources/HUD/MobileHUDButton2_off.uasset" 194
"../../../Engine/Content/MobileResources/HUD/MobileHUDButton2_on.uasset" 195
"../../../Engine/Content/MobileResources/HUD/MobileHUDButton3.uasset" 196
"../../../Engine/Content/MobileResources/HUD/MobileHUDButtonFire.uasset" 197
"../../../Engine/Content/MobileResources/HUD/MobileHUDDirectionPad.uasset" 198
"../../../Engine/Content/MobileResources/HUD/MobileHUDDirectionPad2.uasset" 199
"../../../Engine/Content/MobileResources/HUD/MobileHUDDirectionPad3.uasset" 200
"../../../Engine/Content/MobileResources/HUD/MobileHUDDirectionStick.uasset" 201
"../../../Engine/Content/MobileResources/HUD/T_Castle_ThumbstickInner.uasset" 202
"../../../Engine/Content/MobileResources/HUD/T_Castle_ThumbstickOutter.uasset" 203
"../../../Engine/Content/Tutorial/ContentIntroCurve.uasset" 204
"../../../Engine/Content/Tutorial/Basics/LevelEditorAttract.uasset" 205
"../../../Engine/Content/VREditor/LaserPointer/VR_LaserPower_01.uasset" 206
"../../../Engine/Content/VREditor/TransformGizmo/TransformGizmoMaterial.uasset" 207
"../../../Engine/Content/VREditor/TransformGizmo/TranslucentTransformGizmoMaterial.uasset" 208
"../../../Engine/Content/VREditor/TransformGizmo/BoundingBoxCorner.uasset" 209
"../../../Engine/Content/VREditor/TransformGizmo/BoundingBoxEdge.uasset" 210
"../../../Engine/Content/VREditor/TransformGizmo/PlaneTranslationHandle.uasset" 211
"../../../Engine/Content/VREditor/TransformGizmo/Main.uasset" 212
"../../../Engine/Content/VREditor/TransformGizmo/Xray.uasset" 213
"../../../Engine/Content/VREditor/TransformGizmo/SM_Sequencer_Key.uasset" 214
"../../../Engine/Content/VREditor/TransformGizmo/SM_Sequencer_Node.uasset" 215
"../../Plugins/2D/Paper2D/Content/PlaceholderTextures/DummySpriteTexture.uasset" 216
"../../Plugins/2D/Paper2D/Content/DummySprite.uasset" 217
"../../Plugins/2D/Paper2D/Content/DefaultPaperTerrainMaterial.uasset" 218
"../../Plugins/2D/Paper2D/Content/DefaultSpriteMaterial.uasset" 219
"../../Plugins/2D/Paper2D/Content/MaskedUnlitSpriteMaterial.uasset" 220
"../../Plugins/FX/Niagara/Content/Enums/ENiagaraBooleanLogicOps.uasset" 221
"../../Plugins/FX/Niagara/Content/Enums/ENiagaraCoordinateSpace.uasset" 222
"../../Plugins/FX/Niagara/Content/Enums/ENiagaraExpansionMode.uasset" 223
"../../Plugins/FX/Niagara/Content/Enums/ENiagaraOrientationAxis.uasset" 224
"../../Plugins/FX/Niagara/Content/Enums/ENiagaraRandomnessMode.uasset" 225
"../../../Engine/Content/Functions/Engine_MaterialFunctions02/Utility/BreakOutFloat4Components.uasset" 226
"../../../Engine/Content/Functions/Engine_MaterialFunctions02/Utility/MakeFloat2.uasset" 227
"../../../Engine/Content/Functions/Engine_MaterialFunctions02/Utility/MakeFloat3.uasset" 228
"../../Plugins/Runtime/Oculus/OculusVR/Content/Materials/OculusMR_ChromaKey.uasset" 229
"../../Plugins/Runtime/Oculus/OculusVR/Content/Materials/OculusMR_ChromaKey_Lit.uasset" 230
"../../Plugins/Runtime/Oculus/OculusVR/Content/Materials/OculusMR_OpaqueColoredMaterial.uasset" 231
"../../Plugins/Runtime/Oculus/OculusVR/Content/Materials/OculusMR_WhiteMaterial.uasset" 232
"../../../Engine/Content/EditorBlueprintResources/StandardMacros.uasset" 233
"../../Plugins/Enterprise/DatasmithContent/Content/Materials/AliasMaster.uasset" 234
"../../../Engine/Content/BasicShapes/Cube.uasset" 235
"../../../../../../Users/5923941486/Documents/GitHub/GameDesign2D/Content/2DSideScroller/Sprites/BombBright.uasset" 236
"../../../../../../Users/5923941486/Documents/GitHub/GameDesign2D/Content/2DSideScroller/Sprites/BombDull.uasset" 237
"../../../../../../Users/5923941486/Documents/GitHub/GameDesign2D/Content/2DSideScroller/Animations/BombFlip.uasset" 238
"../../../../../../Users/5923941486/Documents/GitHub/GameDesign2D/Content/2DSideScrollerBP/Blueprints/Bomb.uasset" 239
"../../../../../../Users/5923941486/Documents/GitHub/GameDesign2D/Content/2DSideScroller/Sprites/character_compete_Sprite_15.uasset" 240
"../../../../../../Users/5923941486/Documents/GitHub/GameDesign2D/Content/2DSideScroller/Sprites/character_compete_Sprite_16.uasset" 241
"../../../../../../Users/5923941486/Documents/GitHub/GameDesign2D/Content/2DSideScroller/Sprites/character_compete_Sprite_17.uasset" 242
"../../../../../../Users/5923941486/Documents/GitHub/GameDesign2D/Content/2DSideScroller/Sprites/character_compete_Sprite_18.uasset" 243
"../../../../../../Users/5923941486/Documents/GitHub/GameDesign2D/Content/2DSideScroller/Sprites/character_compete_Sprite_19.uasset" 244
"../../../../../../Users/5923941486/Documents/GitHub/GameDesign2D/Content/2DSideScroller/Sprites/character_compete_Sprite_20.uasset" 245
"../../../../../../Users/5923941486/Documents/GitHub/GameDesign2D/Content/2DSideScroller/Animations/PC_Idle.uasset" 246
"../../../../../../Users/5923941486/Documents/GitHub/GameDesign2D/Content/2DSideScroller/Sprites/character_compete_Sprite_14.uasset" 247
"../../../../../../Users/5923941486/Documents/GitHub/GameDesign2D/Content/2DSideScroller/Animations/PC_JumpDown.uasset" 248
"../../../../../../Users/5923941486/Documents/GitHub/GameDesign2D/Content/2DSideScroller/Sprites/character_compete_Sprite_5.uasset" 249
"../../../../../../Users/5923941486/Documents/GitHub/GameDesign2D/Content/2DSideScroller/Sprites/character_compete_Sprite_6.uasset" 250
"../../../../../../Users/5923941486/Documents/GitHub/GameDesign2D/Content/2DSideScroller/Sprites/character_compete_Sprite_7.uasset" 251
"../../../../../../Users/5923941486/Documents/GitHub/GameDesign2D/Content/2DSideScroller/Sprites/character_compete_Sprite_8.uasset" 252
"../../../../../../Users/5923941486/Documents/GitHub/GameDesign2D/Content/2DSideScroller/Animations/PC_Run.uasset" 253
"../../../../../../Users/5923941486/Documents/GitHub/GameDesign2D/Content/2DSideScrollerBP/Data/AnimationState.uasset" 254
"../../../../../../Users/5923941486/Documents/GitHub/GameDesign2D/Content/2DSideScrollerBP/Blueprints/2DSideScrollerCharacter.uasset" 255
"../../../../../../Users/5923941486/Documents/GitHub/GameDesign2D/Content/2DSideScrollerBP/Maps/2DSideScrollerExampleMap_BuiltData.uasset" 256
"../../../Engine/Content/MapTemplates/Bokeh_5Sides.uasset" 257
"../../../Engine/Content/MapTemplates/T_ScreenDirt02_w.uasset" 258
"../../Plugins/2D/Paper2D/Content/OpaqueUnlitSpriteMaterial.uasset" 259
"../../../../../../Users/5923941486/Documents/GitHub/GameDesign2D/Content/2dSideScroller/Textures/2DBackground.uasset" 260
"../../../../../../Users/5923941486/Documents/GitHub/GameDesign2D/Content/2DSideScroller/Sprites/Background_Sprite.uasset" 261
"../../../../../../Users/5923941486/Documents/GitHub/GameDesign2D/Content/2dSideScroller/Textures/2DBackgroundBlockAtlas.uasset" 262
"../../../../../../Users/5923941486/Documents/GitHub/GameDesign2D/Content/2DSideScroller/Sprites/Ledge.uasset" 263
"../../../../../../Users/5923941486/Documents/GitHub/GameDesign2D/Content/2DSideScroller/Textures/LevelOneTileset.uasset" 264
"../../../../../../Users/5923941486/Documents/GitHub/GameDesign2D/Content/2DSideScroller/Textures/LevelOneTileMap.uasset" 265
"../../../../../../Users/5923941486/Documents/GitHub/GameDesign2D/Content/2DSideScrollerBP/Maps/2DSideScrollerExampleMap.umap" 266
"../../../../../../Users/5923941486/Documents/GitHub/GameDesign2D/Content/2DSideScrollerBP/Maps/StartScreen_BuiltData.uasset" 267
"../../../../../../Users/5923941486/Documents/GitHub/GameDesign2D/Content/2DSideScroller/Background.uasset" 268
"../../../../../../Users/5923941486/Documents/GitHub/GameDesign2D/Content/2DSideScroller/StartBTN.uasset" 269
"../../../../../../Users/5923941486/Documents/GitHub/GameDesign2D/Content/2DSideScroller/Title.uasset" 270
"../../../../../../Users/5923941486/Documents/GitHub/GameDesign2D/Content/2DSideScroller/StartScreen.uasset" 271
"../../../../../../Users/5923941486/Documents/GitHub/GameDesign2D/Content/2DSideScrollerBP/Maps/StartScreen.umap" 272
